mode: set
ironclaw/internal/tooling/browser_rod.go:33.44,35.2 1 0
ironclaw/internal/tooling/browser_rod.go:38.68,40.36 2 0
ironclaw/internal/tooling/browser_rod.go:40.36,42.3 1 0
ironclaw/internal/tooling/browser_rod.go:43.2,43.15 1 0
ironclaw/internal/tooling/browser_rod.go:48.65,50.2 1 0
ironclaw/internal/tooling/browser_rod.go:54.64,56.2 1 0
ironclaw/internal/tooling/browser_rod.go:59.67,61.16 2 0
ironclaw/internal/tooling/browser_rod.go:61.16,63.3 1 0
ironclaw/internal/tooling/browser_rod.go:64.2,65.36 1 0
ironclaw/internal/tooling/browser_rod.go:65.36,65.62 1 0
ironclaw/internal/tooling/browser_rod.go:66.26,66.49 1 0
ironclaw/internal/tooling/browser_rod.go:67.33,69.18 2 0
ironclaw/internal/tooling/browser_rod.go:69.18,71.5 1 0
ironclaw/internal/tooling/browser_rod.go:72.4,72.26 1 0
ironclaw/internal/tooling/browser_rod.go:74.77,76.18 2 0
ironclaw/internal/tooling/browser_rod.go:76.18,78.5 1 0
ironclaw/internal/tooling/browser_rod.go:79.4,80.18 2 0
ironclaw/internal/tooling/browser_rod.go:80.18,82.5 1 0
ironclaw/internal/tooling/browser_rod.go:83.4,83.20 1 0
ironclaw/internal/tooling/browser_rod.go:85.38,85.72 1 0
ironclaw/internal/tooling/browser_rod.go:86.22,86.35 1 0
ironclaw/internal/tooling/browser_rod.go:104.43,106.16 2 0
ironclaw/internal/tooling/browser_rod.go:106.16,108.3 1 0
ironclaw/internal/tooling/browser_rod.go:110.2,111.16 2 0
ironclaw/internal/tooling/browser_rod.go:111.16,113.3 1 0
ironclaw/internal/tooling/browser_rod.go:115.2,116.16 2 0
ironclaw/internal/tooling/browser_rod.go:116.16,119.3 2 0
ironclaw/internal/tooling/browser_rod.go:121.2,124.8 1 0
ironclaw/internal/tooling/browser_rod.go:128.59,129.44 1 0
ironclaw/internal/tooling/browser_rod.go:129.44,131.3 1 0
ironclaw/internal/tooling/browser_rod.go:133.2,133.41 1 0
ironclaw/internal/tooling/browser_rod.go:133.41,135.3 1 0
ironclaw/internal/tooling/browser_rod.go:137.2,138.16 2 0
ironclaw/internal/tooling/browser_rod.go:138.16,140.3 1 0
ironclaw/internal/tooling/browser_rod.go:142.2,142.19 1 0
ironclaw/internal/tooling/browser_rod.go:146.63,148.16 2 0
ironclaw/internal/tooling/browser_rod.go:148.16,150.3 1 0
ironclaw/internal/tooling/browser_rod.go:151.2,151.18 1 0
ironclaw/internal/tooling/browser_rod.go:155.51,157.16 2 0
ironclaw/internal/tooling/browser_rod.go:157.16,159.3 1 0
ironclaw/internal/tooling/browser_rod.go:160.2,160.18 1 0
ironclaw/internal/tooling/browser_rod.go:165.39,166.15 1 0
ironclaw/internal/tooling/browser_rod.go:166.15,166.28 1 0
ironclaw/internal/tooling/browser_rod.go:167.2,167.11 1 0
ironclaw/internal/tooling/browser_rod.go:171.36,172.28 1 0
ironclaw/internal/tooling/browser_rod.go:172.28,174.3 1 0
ironclaw/internal/tooling/browser_rod.go:175.2,175.22 1 0
ironclaw/internal/tooling/browser_rod.go:175.22,177.3 1 0
ironclaw/internal/tooling/browser_rod.go:178.2,178.12 1 0
ironclaw/internal/tooling/browser_tool.go:33.51,35.2 1 0
ironclaw/internal/tooling/browser_tool.go:38.37,38.57 1 0
ironclaw/internal/tooling/browser_tool.go:41.44,43.2 1 0
ironclaw/internal/tooling/browser_tool.go:46.43,48.2 1 0
ironclaw/internal/tooling/browser_tool.go:55.78,58.60 2 0
ironclaw/internal/tooling/browser_tool.go:58.60,60.3 1 0
ironclaw/internal/tooling/browser_tool.go:63.2,64.59 2 0
ironclaw/internal/tooling/browser_tool.go:64.59,66.3 1 0
ironclaw/internal/tooling/browser_tool.go:69.2,69.25 1 0
ironclaw/internal/tooling/browser_tool.go:70.18,71.31 1 0
ironclaw/internal/tooling/browser_tool.go:72.18,73.35 1 0
ironclaw/internal/tooling/browser_tool.go:74.20,75.24 1 0
ironclaw/internal/tooling/browser_tool.go:76.10,77.67 1 0
ironclaw/internal/tooling/browser_tool.go:81.72,83.16 2 0
ironclaw/internal/tooling/browser_tool.go:83.16,85.3 1 0
ironclaw/internal/tooling/browser_tool.go:87.2,93.8 1 0
ironclaw/internal/tooling/browser_tool.go:96.76,98.16 2 0
ironclaw/internal/tooling/browser_tool.go:98.16,100.3 1 0
ironclaw/internal/tooling/browser_tool.go:102.2,108.8 1 0
ironclaw/internal/tooling/browser_tool.go:111.64,113.16 2 0
ironclaw/internal/tooling/browser_tool.go:113.16,115.3 1 0
ironclaw/internal/tooling/browser_tool.go:117.2,125.8 2 0
ironclaw/internal/tooling/docker_runtime.go:43.131,45.2 1 0
ironclaw/internal/tooling/docker_runtime.go:46.142,48.2 1 0
ironclaw/internal/tooling/docker_runtime.go:49.150,51.2 1 0
ironclaw/internal/tooling/docker_runtime.go:52.138,54.2 1 0
ironclaw/internal/tooling/docker_runtime.go:55.147,57.2 1 0
ironclaw/internal/tooling/docker_runtime.go:58.153,60.2 1 0
ironclaw/internal/tooling/docker_runtime.go:61.45,63.2 1 0
ironclaw/internal/tooling/docker_runtime.go:73.59,75.16 2 0
ironclaw/internal/tooling/docker_runtime.go:75.16,77.3 1 0
ironclaw/internal/tooling/docker_runtime.go:78.2,78.44 1 0
ironclaw/internal/tooling/docker_runtime.go:83.67,85.16 2 0
ironclaw/internal/tooling/docker_runtime.go:85.16,87.3 1 0
ironclaw/internal/tooling/docker_runtime.go:88.2,88.47 1 0
ironclaw/internal/tooling/docker_runtime.go:92.85,94.16 2 0
ironclaw/internal/tooling/docker_runtime.go:94.16,96.3 1 0
ironclaw/internal/tooling/docker_runtime.go:97.2,100.12 3 0
ironclaw/internal/tooling/docker_runtime.go:114.115,140.16 4 0
ironclaw/internal/tooling/docker_runtime.go:140.16,142.3 1 0
ironclaw/internal/tooling/docker_runtime.go:143.2,143.21 1 0
ironclaw/internal/tooling/docker_runtime.go:147.96,150.2 2 0
ironclaw/internal/tooling/docker_runtime.go:153.104,157.9 2 0
ironclaw/internal/tooling/docker_runtime.go:158.29,159.17 1 0
ironclaw/internal/tooling/docker_runtime.go:159.17,161.4 1 0
ironclaw/internal/tooling/docker_runtime.go:162.3,162.17 1 0
ironclaw/internal/tooling/docker_runtime.go:163.33,164.32 1 0
ironclaw/internal/tooling/docker_runtime.go:165.20,166.23 1 0
ironclaw/internal/tooling/docker_runtime.go:171.99,176.16 2 0
ironclaw/internal/tooling/docker_runtime.go:176.16,178.3 1 0
ironclaw/internal/tooling/docker_runtime.go:179.2,183.16 4 0
ironclaw/internal/tooling/docker_runtime.go:183.16,185.3 1 0
ironclaw/internal/tooling/docker_runtime.go:186.2,186.26 1 0
ironclaw/internal/tooling/docker_runtime.go:190.97,196.2 2 0
ironclaw/internal/tooling/docker_runtime.go:199.48,201.2 1 0
ironclaw/internal/tooling/docker_sandbox.go:77.72,79.2 1 0
ironclaw/internal/tooling/docker_sandbox.go:82.43,82.70 1 0
ironclaw/internal/tooling/docker_sandbox.go:85.50,87.2 1 0
ironclaw/internal/tooling/docker_sandbox.go:90.49,92.2 1 0
ironclaw/internal/tooling/docker_sandbox.go:95.84,98.60 2 0
ironclaw/internal/tooling/docker_sandbox.go:98.60,100.3 1 0
ironclaw/internal/tooling/docker_sandbox.go:103.2,104.65 2 0
ironclaw/internal/tooling/docker_sandbox.go:104.65,106.3 1 0
ironclaw/internal/tooling/docker_sandbox.go:109.2,110.9 2 0
ironclaw/internal/tooling/docker_sandbox.go:110.9,112.3 1 0
ironclaw/internal/tooling/docker_sandbox.go:114.2,122.58 5 0
ironclaw/internal/tooling/docker_sandbox.go:122.58,124.3 1 0
ironclaw/internal/tooling/docker_sandbox.go:127.2,136.16 3 0
ironclaw/internal/tooling/docker_sandbox.go:136.16,138.3 1 0
ironclaw/internal/tooling/docker_sandbox.go:141.2,144.67 2 0
ironclaw/internal/tooling/docker_sandbox.go:144.67,146.3 1 0
ironclaw/internal/tooling/docker_sandbox.go:149.2,150.16 2 0
ironclaw/internal/tooling/docker_sandbox.go:150.16,152.3 1 0
ironclaw/internal/tooling/docker_sandbox.go:155.2,156.16 2 0
ironclaw/internal/tooling/docker_sandbox.go:156.16,158.3 1 0
ironclaw/internal/tooling/docker_sandbox.go:161.2,168.8 1 0
ironclaw/internal/tooling/docker_sandbox.go:173.56,180.2 3 0
ironclaw/internal/tooling/docker_sandbox.go:183.48,184.18 1 0
ironclaw/internal/tooling/docker_sandbox.go:184.18,186.3 1 0
ironclaw/internal/tooling/docker_sandbox.go:187.2,187.45 1 0
ironclaw/internal/tooling/fs_tool.go:29.54,33.30 2 0
ironclaw/internal/tooling/fs_tool.go:33.30,35.99 2 0
ironclaw/internal/tooling/fs_tool.go:35.99,37.4 1 0
ironclaw/internal/tooling/fs_tool.go:38.3,38.62 1 0
ironclaw/internal/tooling/fs_tool.go:42.2,46.96 3 0
ironclaw/internal/tooling/fs_tool.go:46.96,48.3 1 0
ironclaw/internal/tooling/fs_tool.go:50.2,50.61 1 0
ironclaw/internal/tooling/fs_tool.go:72.71,74.2 1 0
ironclaw/internal/tooling/fs_tool.go:77.40,77.63 1 0
ironclaw/internal/tooling/fs_tool.go:80.47,82.2 1 0
ironclaw/internal/tooling/fs_tool.go:85.46,87.2 1 0
ironclaw/internal/tooling/fs_tool.go:90.81,93.60 2 0
ironclaw/internal/tooling/fs_tool.go:93.60,95.3 1 0
ironclaw/internal/tooling/fs_tool.go:98.2,99.54 2 0
ironclaw/internal/tooling/fs_tool.go:99.54,101.3 1 0
ironclaw/internal/tooling/fs_tool.go:104.2,105.16 2 0
ironclaw/internal/tooling/fs_tool.go:105.16,107.3 1 0
ironclaw/internal/tooling/fs_tool.go:110.2,110.25 1 0
ironclaw/internal/tooling/fs_tool.go:111.18,112.33 1 0
ironclaw/internal/tooling/fs_tool.go:113.19,114.46 1 0
ironclaw/internal/tooling/fs_tool.go:115.20,116.62 1 0
ironclaw/internal/tooling/fs_tool.go:117.10,118.67 1 0
ironclaw/internal/tooling/fs_tool.go:122.83,124.16 2 0
ironclaw/internal/tooling/fs_tool.go:124.16,126.3 1 0
ironclaw/internal/tooling/fs_tool.go:128.2,129.32 2 0
ironclaw/internal/tooling/fs_tool.go:129.32,131.18 2 0
ironclaw/internal/tooling/fs_tool.go:131.18,133.4 1 0
ironclaw/internal/tooling/fs_tool.go:134.3,134.30 1 0
ironclaw/internal/tooling/fs_tool.go:137.2,143.8 1 0
ironclaw/internal/tooling/fs_tool.go:146.94,148.16 2 0
ironclaw/internal/tooling/fs_tool.go:148.16,150.3 1 0
ironclaw/internal/tooling/fs_tool.go:152.2,158.8 1 0
ironclaw/internal/tooling/fs_tool.go:161.104,162.62 1 0
ironclaw/internal/tooling/fs_tool.go:162.62,164.3 1 0
ironclaw/internal/tooling/fs_tool.go:166.2,173.8 1 0
ironclaw/internal/tooling/fs_tool.go:180.65,182.16 2 0
ironclaw/internal/tooling/fs_tool.go:182.16,184.3 1 0
ironclaw/internal/tooling/fs_tool.go:186.2,187.30 2 0
ironclaw/internal/tooling/fs_tool.go:187.30,192.3 1 0
ironclaw/internal/tooling/fs_tool.go:193.2,193.21 1 0
ironclaw/internal/tooling/fs_tool.go:197.62,199.16 2 0
ironclaw/internal/tooling/fs_tool.go:199.16,201.3 1 0
ironclaw/internal/tooling/fs_tool.go:202.2,202.26 1 0
ironclaw/internal/tooling/fs_tool.go:206.69,208.2 1 0
ironclaw/internal/tooling/git_github.go:16.54,19.2 2 0
ironclaw/internal/tooling/git_github.go:22.77,27.16 3 0
ironclaw/internal/tooling/git_github.go:27.16,29.3 1 0
ironclaw/internal/tooling/git_github.go:31.2,32.31 2 0
ironclaw/internal/tooling/git_github.go:32.31,34.36 1 0
ironclaw/internal/tooling/git_github.go:34.36,35.12 1 0
ironclaw/internal/tooling/git_github.go:37.3,43.5 1 0
ironclaw/internal/tooling/git_github.go:45.2,45.20 1 0
ironclaw/internal/tooling/git_github.go:49.90,55.16 3 0
ironclaw/internal/tooling/git_github.go:55.16,57.3 1 0
ironclaw/internal/tooling/git_github.go:59.2,65.8 1 0
ironclaw/internal/tooling/git_github.go:69.89,74.16 3 0
ironclaw/internal/tooling/git_github.go:74.16,76.3 1 0
ironclaw/internal/tooling/git_github.go:78.2,79.25 2 0
ironclaw/internal/tooling/git_github.go:79.25,89.3 1 0
ironclaw/internal/tooling/git_github.go:90.2,90.20 1 0
ironclaw/internal/tooling/git_github.go:94.114,102.16 3 0
ironclaw/internal/tooling/git_github.go:102.16,104.3 1 0
ironclaw/internal/tooling/git_github.go:106.2,114.8 1 0
ironclaw/internal/tooling/git_github.go:118.89,123.16 3 0
ironclaw/internal/tooling/git_github.go:123.16,125.3 1 0
ironclaw/internal/tooling/git_github.go:126.2,126.12 1 0
ironclaw/internal/tooling/git_gitlab.go:16.82,18.42 2 0
ironclaw/internal/tooling/git_gitlab.go:18.42,20.3 1 0
ironclaw/internal/tooling/git_gitlab.go:21.2,22.16 2 0
ironclaw/internal/tooling/git_gitlab.go:22.16,24.3 1 0
ironclaw/internal/tooling/git_gitlab.go:25.2,25.45 1 0
ironclaw/internal/tooling/git_gitlab.go:29.45,31.2 1 0
ironclaw/internal/tooling/git_gitlab.go:34.77,39.16 3 0
ironclaw/internal/tooling/git_gitlab.go:39.16,41.3 1 0
ironclaw/internal/tooling/git_gitlab.go:43.2,44.31 2 0
ironclaw/internal/tooling/git_gitlab.go:44.31,52.3 1 0
ironclaw/internal/tooling/git_gitlab.go:53.2,53.20 1 0
ironclaw/internal/tooling/git_gitlab.go:57.90,62.16 2 0
ironclaw/internal/tooling/git_gitlab.go:62.16,64.3 1 0
ironclaw/internal/tooling/git_gitlab.go:66.2,72.8 1 0
ironclaw/internal/tooling/git_gitlab.go:76.89,81.16 3 0
ironclaw/internal/tooling/git_gitlab.go:81.16,83.3 1 0
ironclaw/internal/tooling/git_gitlab.go:85.2,86.25 2 0
ironclaw/internal/tooling/git_gitlab.go:86.25,96.3 1 0
ironclaw/internal/tooling/git_gitlab.go:97.2,97.20 1 0
ironclaw/internal/tooling/git_gitlab.go:101.114,108.16 2 0
ironclaw/internal/tooling/git_gitlab.go:108.16,110.3 1 0
ironclaw/internal/tooling/git_gitlab.go:112.2,120.8 1 0
ironclaw/internal/tooling/git_gitlab.go:124.89,128.16 2 0
ironclaw/internal/tooling/git_gitlab.go:128.16,130.3 1 0
ironclaw/internal/tooling/git_gitlab.go:131.2,131.12 1 0
ironclaw/internal/tooling/git_local.go:19.32,21.2 1 1
ironclaw/internal/tooling/git_local.go:23.47,24.37 1 0
ironclaw/internal/tooling/git_local.go:24.37,26.3 1 0
ironclaw/internal/tooling/git_local.go:27.2,28.20 2 0
ironclaw/internal/tooling/git_local.go:28.20,30.3 1 0
ironclaw/internal/tooling/git_local.go:31.2,34.3 1 0
ironclaw/internal/tooling/git_local.go:38.66,43.36 2 0
ironclaw/internal/tooling/git_local.go:43.36,45.3 1 0
ironclaw/internal/tooling/git_local.go:46.2,47.16 2 0
ironclaw/internal/tooling/git_local.go:47.16,49.3 1 0
ironclaw/internal/tooling/git_local.go:50.2,50.12 1 0
ironclaw/internal/tooling/git_local.go:54.57,56.16 2 0
ironclaw/internal/tooling/git_local.go:56.16,58.3 1 0
ironclaw/internal/tooling/git_local.go:59.2,60.16 2 0
ironclaw/internal/tooling/git_local.go:60.16,62.3 1 0
ironclaw/internal/tooling/git_local.go:63.2,64.16 2 0
ironclaw/internal/tooling/git_local.go:64.16,66.3 1 0
ironclaw/internal/tooling/git_local.go:67.2,67.29 1 0
ironclaw/internal/tooling/git_local.go:71.60,73.16 2 0
ironclaw/internal/tooling/git_local.go:73.16,75.3 1 0
ironclaw/internal/tooling/git_local.go:76.2,77.16 2 0
ironclaw/internal/tooling/git_local.go:77.16,79.3 1 0
ironclaw/internal/tooling/git_local.go:80.2,80.26 1 0
ironclaw/internal/tooling/git_local.go:80.26,81.37 1 0
ironclaw/internal/tooling/git_local.go:81.37,83.4 1 0
ironclaw/internal/tooling/git_local.go:85.2,85.12 1 0
ironclaw/internal/tooling/git_local.go:89.64,91.16 2 0
ironclaw/internal/tooling/git_local.go:91.16,93.3 1 0
ironclaw/internal/tooling/git_local.go:94.2,95.16 2 0
ironclaw/internal/tooling/git_local.go:95.16,97.3 1 0
ironclaw/internal/tooling/git_local.go:99.2,101.18 3 0
ironclaw/internal/tooling/git_local.go:101.18,104.22 3 0
ironclaw/internal/tooling/git_local.go:104.22,106.4 1 0
ironclaw/internal/tooling/git_local.go:109.2,116.16 2 0
ironclaw/internal/tooling/git_local.go:116.16,118.3 1 0
ironclaw/internal/tooling/git_local.go:119.2,119.12 1 0
ironclaw/internal/tooling/git_local.go:123.76,125.16 2 0
ironclaw/internal/tooling/git_local.go:125.16,127.3 1 0
ironclaw/internal/tooling/git_local.go:129.2,134.36 3 0
ironclaw/internal/tooling/git_local.go:134.36,136.3 1 0
ironclaw/internal/tooling/git_local.go:138.2,138.40 1 0
ironclaw/internal/tooling/git_local.go:138.40,140.3 1 0
ironclaw/internal/tooling/git_local.go:141.2,141.12 1 0
ironclaw/internal/tooling/git_local.go:145.76,147.16 2 0
ironclaw/internal/tooling/git_local.go:147.16,149.3 1 0
ironclaw/internal/tooling/git_local.go:150.2,151.16 2 0
ironclaw/internal/tooling/git_local.go:151.16,153.3 1 0
ironclaw/internal/tooling/git_local.go:155.2,159.36 2 0
ironclaw/internal/tooling/git_local.go:159.36,161.3 1 0
ironclaw/internal/tooling/git_local.go:163.2,163.72 1 0
ironclaw/internal/tooling/git_local.go:163.72,165.3 1 0
ironclaw/internal/tooling/git_local.go:166.2,166.12 1 0
ironclaw/internal/tooling/git_local.go:170.72,172.16 2 0
ironclaw/internal/tooling/git_local.go:172.16,174.3 1 0
ironclaw/internal/tooling/git_local.go:176.2,177.16 2 0
ironclaw/internal/tooling/git_local.go:177.16,179.3 1 0
ironclaw/internal/tooling/git_local.go:180.2,184.50 4 0
ironclaw/internal/tooling/git_local.go:184.50,185.21 1 0
ironclaw/internal/tooling/git_local.go:185.21,187.4 1 0
ironclaw/internal/tooling/git_local.go:188.3,195.13 3 0
ironclaw/internal/tooling/git_local.go:198.2,198.50 1 0
ironclaw/internal/tooling/git_local.go:198.50,200.3 1 0
ironclaw/internal/tooling/git_local.go:202.2,202.21 1 0
ironclaw/internal/tooling/git_local.go:206.61,208.16 2 1
ironclaw/internal/tooling/git_local.go:208.16,210.3 1 1
ironclaw/internal/tooling/git_local.go:212.2,213.16 2 1
ironclaw/internal/tooling/git_local.go:213.16,215.3 1 1
ironclaw/internal/tooling/git_local.go:217.2,218.54 2 1
ironclaw/internal/tooling/git_local.go:218.54,220.3 1 0
ironclaw/internal/tooling/git_local.go:221.2,221.12 1 1
ironclaw/internal/tooling/git_local.go:225.57,227.16 2 1
ironclaw/internal/tooling/git_local.go:227.16,229.3 1 0
ironclaw/internal/tooling/git_local.go:230.2,231.16 2 1
ironclaw/internal/tooling/git_local.go:231.16,233.3 1 0
ironclaw/internal/tooling/git_local.go:235.2,237.17 1 1
ironclaw/internal/tooling/git_local.go:237.17,239.3 1 0
ironclaw/internal/tooling/git_local.go:240.2,240.12 1 1
ironclaw/internal/tooling/git_tool.go:126.95,132.2 1 0
ironclaw/internal/tooling/git_tool.go:136.75,138.2 1 0
ironclaw/internal/tooling/git_tool.go:142.87,143.22 1 0
ironclaw/internal/tooling/git_tool.go:144.16,145.39 1 0
ironclaw/internal/tooling/git_tool.go:146.16,148.17 2 0
ironclaw/internal/tooling/git_tool.go:148.17,150.4 1 0
ironclaw/internal/tooling/git_tool.go:151.3,151.16 1 0
ironclaw/internal/tooling/git_tool.go:152.10,153.67 1 0
ironclaw/internal/tooling/git_tool.go:158.33,158.49 1 0
ironclaw/internal/tooling/git_tool.go:161.40,163.2 1 0
ironclaw/internal/tooling/git_tool.go:166.39,168.2 1 0
ironclaw/internal/tooling/git_tool.go:171.74,173.60 2 0
ironclaw/internal/tooling/git_tool.go:173.60,175.3 1 0
ironclaw/internal/tooling/git_tool.go:177.2,178.55 2 0
ironclaw/internal/tooling/git_tool.go:178.55,180.3 1 0
ironclaw/internal/tooling/git_tool.go:182.2,182.25 1 0
ironclaw/internal/tooling/git_tool.go:183.15,184.24 1 0
ironclaw/internal/tooling/git_tool.go:185.16,186.25 1 0
ironclaw/internal/tooling/git_tool.go:187.13,188.22 1 0
ironclaw/internal/tooling/git_tool.go:189.16,190.25 1 0
ironclaw/internal/tooling/git_tool.go:191.14,192.23 1 0
ironclaw/internal/tooling/git_tool.go:193.14,194.23 1 0
ironclaw/internal/tooling/git_tool.go:195.13,196.25 1 0
ironclaw/internal/tooling/git_tool.go:197.16,198.31 1 0
ironclaw/internal/tooling/git_tool.go:199.18,200.27 1 0
ironclaw/internal/tooling/git_tool.go:201.21,202.29 1 0
ironclaw/internal/tooling/git_tool.go:203.22,204.30 1 0
ironclaw/internal/tooling/git_tool.go:205.18,206.26 1 0
ironclaw/internal/tooling/git_tool.go:207.19,208.27 1 0
ironclaw/internal/tooling/git_tool.go:209.20,210.28 1 0
ironclaw/internal/tooling/git_tool.go:211.10,212.67 1 0
ironclaw/internal/tooling/git_tool.go:220.69,221.21 1 0
ironclaw/internal/tooling/git_tool.go:221.21,223.3 1 0
ironclaw/internal/tooling/git_tool.go:224.2,224.22 1 0
ironclaw/internal/tooling/git_tool.go:224.22,226.3 1 0
ironclaw/internal/tooling/git_tool.go:228.2,230.31 3 0
ironclaw/internal/tooling/git_tool.go:230.31,232.3 1 0
ironclaw/internal/tooling/git_tool.go:234.2,234.66 1 0
ironclaw/internal/tooling/git_tool.go:234.66,236.3 1 0
ironclaw/internal/tooling/git_tool.go:238.2,245.8 1 0
ironclaw/internal/tooling/git_tool.go:248.70,249.22 1 0
ironclaw/internal/tooling/git_tool.go:249.22,251.3 1 0
ironclaw/internal/tooling/git_tool.go:253.2,254.16 2 0
ironclaw/internal/tooling/git_tool.go:254.16,256.3 1 0
ironclaw/internal/tooling/git_tool.go:258.2,264.8 1 0
ironclaw/internal/tooling/git_tool.go:267.67,268.22 1 0
ironclaw/internal/tooling/git_tool.go:268.22,270.3 1 0
ironclaw/internal/tooling/git_tool.go:271.2,271.27 1 0
ironclaw/internal/tooling/git_tool.go:271.27,273.3 1 0
ironclaw/internal/tooling/git_tool.go:275.2,275.60 1 0
ironclaw/internal/tooling/git_tool.go:275.60,277.3 1 0
ironclaw/internal/tooling/git_tool.go:279.2,285.8 1 0
ironclaw/internal/tooling/git_tool.go:288.70,289.22 1 0
ironclaw/internal/tooling/git_tool.go:289.22,291.3 1 0
ironclaw/internal/tooling/git_tool.go:292.2,292.25 1 0
ironclaw/internal/tooling/git_tool.go:292.25,294.3 1 0
ironclaw/internal/tooling/git_tool.go:296.2,296.79 1 0
ironclaw/internal/tooling/git_tool.go:296.79,298.3 1 0
ironclaw/internal/tooling/git_tool.go:300.2,307.8 1 0
ironclaw/internal/tooling/git_tool.go:310.68,311.22 1 0
ironclaw/internal/tooling/git_tool.go:311.22,313.3 1 0
ironclaw/internal/tooling/git_tool.go:315.2,316.18 2 0
ironclaw/internal/tooling/git_tool.go:316.18,318.3 1 0
ironclaw/internal/tooling/git_tool.go:319.2,320.18 2 0
ironclaw/internal/tooling/git_tool.go:320.18,322.3 1 0
ironclaw/internal/tooling/git_tool.go:324.2,326.31 3 0
ironclaw/internal/tooling/git_tool.go:326.31,328.3 1 0
ironclaw/internal/tooling/git_tool.go:330.2,330.70 1 0
ironclaw/internal/tooling/git_tool.go:330.70,332.3 1 0
ironclaw/internal/tooling/git_tool.go:334.2,342.8 1 0
ironclaw/internal/tooling/git_tool.go:345.68,346.22 1 0
ironclaw/internal/tooling/git_tool.go:346.22,348.3 1 0
ironclaw/internal/tooling/git_tool.go:350.2,351.18 2 0
ironclaw/internal/tooling/git_tool.go:351.18,353.3 1 0
ironclaw/internal/tooling/git_tool.go:354.2,355.18 2 0
ironclaw/internal/tooling/git_tool.go:355.18,357.3 1 0
ironclaw/internal/tooling/git_tool.go:359.2,361.31 3 0
ironclaw/internal/tooling/git_tool.go:361.31,363.3 1 0
ironclaw/internal/tooling/git_tool.go:365.2,365.70 1 0
ironclaw/internal/tooling/git_tool.go:365.70,367.3 1 0
ironclaw/internal/tooling/git_tool.go:369.2,377.8 1 0
ironclaw/internal/tooling/git_tool.go:380.70,381.22 1 0
ironclaw/internal/tooling/git_tool.go:381.22,383.3 1 0
ironclaw/internal/tooling/git_tool.go:385.2,386.16 2 0
ironclaw/internal/tooling/git_tool.go:386.16,388.3 1 0
ironclaw/internal/tooling/git_tool.go:390.2,391.16 2 0
ironclaw/internal/tooling/git_tool.go:391.16,393.3 1 0
ironclaw/internal/tooling/git_tool.go:395.2,396.16 2 0
ironclaw/internal/tooling/git_tool.go:396.16,398.3 1 0
ironclaw/internal/tooling/git_tool.go:400.2,407.8 1 0
ironclaw/internal/tooling/git_tool.go:410.76,411.22 1 0
ironclaw/internal/tooling/git_tool.go:411.22,413.3 1 0
ironclaw/internal/tooling/git_tool.go:414.2,414.24 1 0
ironclaw/internal/tooling/git_tool.go:414.24,416.3 1 0
ironclaw/internal/tooling/git_tool.go:418.2,418.70 1 0
ironclaw/internal/tooling/git_tool.go:418.70,420.3 1 0
ironclaw/internal/tooling/git_tool.go:422.2,429.8 1 0
ironclaw/internal/tooling/git_tool.go:432.72,433.22 1 0
ironclaw/internal/tooling/git_tool.go:433.22,435.3 1 0
ironclaw/internal/tooling/git_tool.go:436.2,436.24 1 0
ironclaw/internal/tooling/git_tool.go:436.24,438.3 1 0
ironclaw/internal/tooling/git_tool.go:440.2,440.66 1 0
ironclaw/internal/tooling/git_tool.go:440.66,442.3 1 0
ironclaw/internal/tooling/git_tool.go:444.2,451.8 1 0
ironclaw/internal/tooling/git_tool.go:459.80,460.26 1 0
ironclaw/internal/tooling/git_tool.go:460.26,462.3 1 0
ironclaw/internal/tooling/git_tool.go:464.2,466.16 3 0
ironclaw/internal/tooling/git_tool.go:466.16,468.3 1 0
ironclaw/internal/tooling/git_tool.go:470.2,471.16 2 0
ironclaw/internal/tooling/git_tool.go:471.16,473.3 1 0
ironclaw/internal/tooling/git_tool.go:475.2,475.22 1 0
ironclaw/internal/tooling/git_tool.go:478.74,479.43 1 0
ironclaw/internal/tooling/git_tool.go:479.43,481.3 1 0
ironclaw/internal/tooling/git_tool.go:483.2,484.16 2 0
ironclaw/internal/tooling/git_tool.go:484.16,486.3 1 0
ironclaw/internal/tooling/git_tool.go:488.2,489.16 2 0
ironclaw/internal/tooling/git_tool.go:489.16,491.3 1 0
ironclaw/internal/tooling/git_tool.go:493.2,494.16 2 0
ironclaw/internal/tooling/git_tool.go:494.16,496.3 1 0
ironclaw/internal/tooling/git_tool.go:498.2,506.8 1 0
ironclaw/internal/tooling/git_tool.go:509.75,510.43 1 0
ironclaw/internal/tooling/git_tool.go:510.43,512.3 1 0
ironclaw/internal/tooling/git_tool.go:513.2,513.23 1 0
ironclaw/internal/tooling/git_tool.go:513.23,515.3 1 0
ironclaw/internal/tooling/git_tool.go:517.2,518.16 2 0
ironclaw/internal/tooling/git_tool.go:518.16,520.3 1 0
ironclaw/internal/tooling/git_tool.go:522.2,523.16 2 0
ironclaw/internal/tooling/git_tool.go:523.16,525.3 1 0
ironclaw/internal/tooling/git_tool.go:527.2,528.16 2 0
ironclaw/internal/tooling/git_tool.go:528.16,530.3 1 0
ironclaw/internal/tooling/git_tool.go:532.2,540.8 1 0
ironclaw/internal/tooling/git_tool.go:543.71,544.43 1 0
ironclaw/internal/tooling/git_tool.go:544.43,546.3 1 0
ironclaw/internal/tooling/git_tool.go:548.2,549.16 2 0
ironclaw/internal/tooling/git_tool.go:549.16,551.3 1 0
ironclaw/internal/tooling/git_tool.go:553.2,554.16 2 0
ironclaw/internal/tooling/git_tool.go:554.16,556.3 1 0
ironclaw/internal/tooling/git_tool.go:558.2,559.16 2 0
ironclaw/internal/tooling/git_tool.go:559.16,561.3 1 0
ironclaw/internal/tooling/git_tool.go:563.2,571.8 1 0
ironclaw/internal/tooling/git_tool.go:574.72,575.43 1 0
ironclaw/internal/tooling/git_tool.go:575.43,577.3 1 0
ironclaw/internal/tooling/git_tool.go:578.2,578.23 1 0
ironclaw/internal/tooling/git_tool.go:578.23,580.3 1 0
ironclaw/internal/tooling/git_tool.go:581.2,581.54 1 0
ironclaw/internal/tooling/git_tool.go:581.54,583.3 1 0
ironclaw/internal/tooling/git_tool.go:585.2,586.16 2 0
ironclaw/internal/tooling/git_tool.go:586.16,588.3 1 0
ironclaw/internal/tooling/git_tool.go:590.2,591.16 2 0
ironclaw/internal/tooling/git_tool.go:591.16,593.3 1 0
ironclaw/internal/tooling/git_tool.go:595.2,596.16 2 0
ironclaw/internal/tooling/git_tool.go:596.16,598.3 1 0
ironclaw/internal/tooling/git_tool.go:600.2,608.8 1 0
ironclaw/internal/tooling/git_tool.go:611.73,612.43 1 0
ironclaw/internal/tooling/git_tool.go:612.43,614.3 1 0
ironclaw/internal/tooling/git_tool.go:615.2,615.23 1 0
ironclaw/internal/tooling/git_tool.go:615.23,617.3 1 0
ironclaw/internal/tooling/git_tool.go:618.2,618.25 1 0
ironclaw/internal/tooling/git_tool.go:618.25,620.3 1 0
ironclaw/internal/tooling/git_tool.go:622.2,623.16 2 0
ironclaw/internal/tooling/git_tool.go:623.16,625.3 1 0
ironclaw/internal/tooling/git_tool.go:627.2,627.99 1 0
ironclaw/internal/tooling/git_tool.go:627.99,629.3 1 0
ironclaw/internal/tooling/git_tool.go:631.2,639.8 1 0
ironclaw/internal/tooling/image_tool.go:45.56,47.2 1 0
ironclaw/internal/tooling/image_tool.go:50.35,50.53 1 0
ironclaw/internal/tooling/image_tool.go:53.42,55.2 1 0
ironclaw/internal/tooling/image_tool.go:58.41,60.2 1 0
ironclaw/internal/tooling/image_tool.go:63.76,66.60 2 0
ironclaw/internal/tooling/image_tool.go:66.60,68.3 1 0
ironclaw/internal/tooling/image_tool.go:71.2,72.55 2 0
ironclaw/internal/tooling/image_tool.go:72.55,74.3 1 0
ironclaw/internal/tooling/image_tool.go:77.2,77.25 1 0
ironclaw/internal/tooling/image_tool.go:78.21,79.34 1 0
ironclaw/internal/tooling/image_tool.go:80.16,81.75 1 0
ironclaw/internal/tooling/image_tool.go:82.30,83.60 1 0
ironclaw/internal/tooling/image_tool.go:84.10,85.67 1 0
ironclaw/internal/tooling/image_tool.go:89.73,91.16 2 0
ironclaw/internal/tooling/image_tool.go:91.16,93.3 1 0
ironclaw/internal/tooling/image_tool.go:95.2,104.13 3 0
ironclaw/internal/tooling/image_tool.go:104.13,106.20 2 0
ironclaw/internal/tooling/image_tool.go:106.20,109.4 2 0
ironclaw/internal/tooling/image_tool.go:112.2,113.13 2 0
ironclaw/internal/tooling/image_tool.go:113.13,114.45 1 0
ironclaw/internal/tooling/image_tool.go:114.45,116.4 1 0
ironclaw/internal/tooling/image_tool.go:119.2,122.8 1 0
ironclaw/internal/tooling/image_tool.go:125.100,126.22 1 0
ironclaw/internal/tooling/image_tool.go:126.22,128.3 1 0
ironclaw/internal/tooling/image_tool.go:129.2,129.31 1 0
ironclaw/internal/tooling/image_tool.go:129.31,131.3 1 0
ironclaw/internal/tooling/image_tool.go:133.2,133.76 1 0
ironclaw/internal/tooling/image_tool.go:133.76,135.3 1 0
ironclaw/internal/tooling/image_tool.go:137.2,146.8 1 0
ironclaw/internal/tooling/image_tool.go:149.93,150.22 1 0
ironclaw/internal/tooling/image_tool.go:150.22,152.3 1 0
ironclaw/internal/tooling/image_tool.go:154.2,154.73 1 0
ironclaw/internal/tooling/image_tool.go:154.73,156.3 1 0
ironclaw/internal/tooling/image_tool.go:158.2,165.8 1 0
ironclaw/internal/tooling/image_tool.go:183.70,185.16 2 0
ironclaw/internal/tooling/image_tool.go:185.16,187.3 1 0
ironclaw/internal/tooling/image_tool.go:188.2,193.16 4 0
ironclaw/internal/tooling/image_tool.go:193.16,195.3 1 0
ironclaw/internal/tooling/image_tool.go:196.2,199.16 3 0
ironclaw/internal/tooling/image_tool.go:199.16,201.3 1 0
ironclaw/internal/tooling/image_tool.go:202.2,202.30 1 0
ironclaw/internal/tooling/image_tool.go:202.30,204.3 1 0
ironclaw/internal/tooling/image_tool.go:206.2,206.29 1 0
ironclaw/internal/tooling/image_tool.go:210.75,212.16 2 0
ironclaw/internal/tooling/image_tool.go:212.16,214.3 1 0
ironclaw/internal/tooling/image_tool.go:215.2,218.16 3 0
ironclaw/internal/tooling/image_tool.go:218.16,220.3 1 0
ironclaw/internal/tooling/image_tool.go:222.2,222.35 1 0
ironclaw/internal/tooling/image_tool.go:226.92,228.16 2 0
ironclaw/internal/tooling/image_tool.go:228.16,230.3 1 0
ironclaw/internal/tooling/image_tool.go:232.2,234.54 2 0
ironclaw/internal/tooling/image_tool.go:234.54,236.3 1 0
ironclaw/internal/tooling/image_tool.go:238.2,238.12 1 0
ironclaw/internal/tooling/image_tool.go:242.85,244.16 2 0
ironclaw/internal/tooling/image_tool.go:244.16,246.3 1 0
ironclaw/internal/tooling/image_tool.go:248.2,250.54 2 0
ironclaw/internal/tooling/image_tool.go:250.54,252.3 1 0
ironclaw/internal/tooling/image_tool.go:254.2,254.12 1 0
ironclaw/internal/tooling/image_tool.go:259.58,262.2 2 0
ironclaw/internal/tooling/interface.go:21.108,23.2 1 0
ironclaw/internal/tooling/registry.go:17.38,19.2 1 0
ironclaw/internal/tooling/registry.go:23.56,24.17 1 0
ironclaw/internal/tooling/registry.go:24.17,26.3 1 0
ironclaw/internal/tooling/registry.go:27.2,28.40 2 0
ironclaw/internal/tooling/registry.go:28.40,30.3 1 0
ironclaw/internal/tooling/registry.go:31.2,32.12 2 0
ironclaw/internal/tooling/registry.go:36.61,38.9 2 0
ironclaw/internal/tooling/registry.go:38.9,40.3 1 0
ironclaw/internal/tooling/registry.go:41.2,41.18 1 0
ironclaw/internal/tooling/registry.go:45.44,47.28 2 0
ironclaw/internal/tooling/registry.go:47.28,49.3 1 0
ironclaw/internal/tooling/registry.go:50.2,50.12 1 0
ironclaw/internal/tooling/registry.go:55.62,57.28 2 0
ironclaw/internal/tooling/registry.go:57.28,63.3 1 0
ironclaw/internal/tooling/registry.go:64.2,64.12 1 0
ironclaw/internal/tooling/schema_tool.go:22.55,24.2 1 0
ironclaw/internal/tooling/schema_tool.go:32.47,40.16 4 0
ironclaw/internal/tooling/schema_tool.go:40.16,42.3 1 0
ironclaw/internal/tooling/schema_tool.go:43.2,43.28 1 0
ironclaw/internal/tooling/schema_tool.go:47.75,49.16 2 0
ironclaw/internal/tooling/schema_tool.go:49.16,51.3 1 0
ironclaw/internal/tooling/schema_tool.go:53.2,54.58 2 0
ironclaw/internal/tooling/schema_tool.go:54.58,56.3 1 0
ironclaw/internal/tooling/schema_tool.go:58.2,58.51 1 0
ironclaw/internal/tooling/schema_tool.go:58.51,60.3 1 0
ironclaw/internal/tooling/schema_tool.go:62.2,62.12 1 0
ironclaw/internal/tooling/schema_tool.go:68.56,69.25 1 0
ironclaw/internal/tooling/schema_tool.go:70.13,71.32 1 0
ironclaw/internal/tooling/schema_tool.go:72.18,73.32 1 0
ironclaw/internal/tooling/schema_tool.go:74.18,75.32 1 0
ironclaw/internal/tooling/schema_tool.go:76.16,77.19 1 0
ironclaw/internal/tooling/schema_tool.go:77.19,79.4 1 0
ironclaw/internal/tooling/schema_tool.go:80.3,80.32 1 0
ironclaw/internal/tooling/schema_tool.go:81.10,82.65 1 0
ironclaw/internal/tooling/schema_tool.go:90.40,90.63 1 0
ironclaw/internal/tooling/schema_tool.go:93.47,95.2 1 0
ironclaw/internal/tooling/schema_tool.go:98.46,100.2 1 0
ironclaw/internal/tooling/schema_tool.go:104.81,106.60 2 0
ironclaw/internal/tooling/schema_tool.go:106.60,108.3 1 0
ironclaw/internal/tooling/schema_tool.go:110.2,111.52 2 0
ironclaw/internal/tooling/schema_tool.go:111.52,113.3 1 0
ironclaw/internal/tooling/schema_tool.go:115.2,116.16 2 0
ironclaw/internal/tooling/schema_tool.go:116.16,118.3 1 0
ironclaw/internal/tooling/schema_tool.go:120.2,127.8 1 0
ironclaw/internal/tooling/scrape_tool.go:37.53,39.2 1 0
ironclaw/internal/tooling/scrape_tool.go:51.73,51.94 1 0
ironclaw/internal/tooling/scrape_tool.go:52.98,54.3 1 0
ironclaw/internal/tooling/scrape_tool.go:59.36,59.55 1 0
ironclaw/internal/tooling/scrape_tool.go:62.43,64.2 1 0
ironclaw/internal/tooling/scrape_tool.go:67.42,69.2 1 0
ironclaw/internal/tooling/scrape_tool.go:73.77,76.60 2 0
ironclaw/internal/tooling/scrape_tool.go:76.60,78.3 1 0
ironclaw/internal/tooling/scrape_tool.go:81.2,82.58 2 0
ironclaw/internal/tooling/scrape_tool.go:82.58,84.3 1 0
ironclaw/internal/tooling/scrape_tool.go:87.2,87.91 1 0
ironclaw/internal/tooling/scrape_tool.go:87.91,89.3 1 0
ironclaw/internal/tooling/scrape_tool.go:92.2,93.16 2 0
ironclaw/internal/tooling/scrape_tool.go:93.16,95.3 1 0
ironclaw/internal/tooling/scrape_tool.go:98.2,99.16 2 0
ironclaw/internal/tooling/scrape_tool.go:99.16,101.3 1 0
ironclaw/internal/tooling/scrape_tool.go:103.2,109.8 1 0
ironclaw/internal/tooling/scrape_tool.go:114.68,117.16 2 0
ironclaw/internal/tooling/scrape_tool.go:117.16,119.3 1 0
ironclaw/internal/tooling/scrape_tool.go:122.2,123.52 2 0
ironclaw/internal/tooling/scrape_tool.go:123.52,125.3 1 0
ironclaw/internal/tooling/scrape_tool.go:128.2,129.16 2 0
ironclaw/internal/tooling/scrape_tool.go:129.16,131.3 1 0
ironclaw/internal/tooling/scrape_tool.go:133.2,133.35 1 0
ironclaw/internal/tooling/scrape_tool.go:133.35,135.3 1 0
ironclaw/internal/tooling/scrape_tool.go:137.2,137.37 1 0
ironclaw/internal/tooling/scrape_tool.go:142.60,144.16 2 0
ironclaw/internal/tooling/scrape_tool.go:144.16,146.3 1 0
ironclaw/internal/tooling/scrape_tool.go:148.2,148.77 1 0
ironclaw/internal/tooling/scrape_tool.go:148.77,150.3 1 0
ironclaw/internal/tooling/scrape_tool.go:152.2,153.16 2 0
ironclaw/internal/tooling/scrape_tool.go:153.16,155.3 1 0
ironclaw/internal/tooling/scrape_tool.go:157.2,157.18 1 0
ironclaw/internal/tooling/scrape_tool.go:162.83,164.16 2 0
ironclaw/internal/tooling/scrape_tool.go:164.16,166.3 1 0
ironclaw/internal/tooling/scrape_tool.go:168.2,169.16 2 0
ironclaw/internal/tooling/scrape_tool.go:169.16,171.3 1 0
ironclaw/internal/tooling/scrape_tool.go:173.2,173.33 1 0
ironclaw/internal/tooling/scrape_tool.go:177.59,179.16 2 0
ironclaw/internal/tooling/scrape_tool.go:179.16,181.3 1 0
ironclaw/internal/tooling/scrape_tool.go:183.2,183.24 1 0
ironclaw/internal/tooling/scrape_tool.go:195.50,201.2 1 0
ironclaw/internal/tooling/scrape_tool.go:204.69,206.16 2 0
ironclaw/internal/tooling/scrape_tool.go:206.16,208.3 1 0
ironclaw/internal/tooling/scrape_tool.go:210.2,213.16 3 0
ironclaw/internal/tooling/scrape_tool.go:213.16,215.3 1 0
ironclaw/internal/tooling/scrape_tool.go:216.2,218.38 2 0
ironclaw/internal/tooling/scrape_tool.go:218.38,220.3 1 0
ironclaw/internal/tooling/scrape_tool.go:222.2,224.16 3 0
ironclaw/internal/tooling/scrape_tool.go:224.16,226.3 1 0
ironclaw/internal/tooling/scrape_tool.go:228.2,228.18 1 0
ironclaw/internal/tooling/shell_streaming.go:32.110,35.60 2 0
ironclaw/internal/tooling/shell_streaming.go:35.60,37.3 1 0
ironclaw/internal/tooling/shell_streaming.go:40.2,41.57 2 0
ironclaw/internal/tooling/shell_streaming.go:41.57,43.3 1 0
ironclaw/internal/tooling/shell_streaming.go:46.2,46.69 1 0
ironclaw/internal/tooling/shell_streaming.go:46.69,48.3 1 0
ironclaw/internal/tooling/shell_streaming.go:51.2,51.27 1 0
ironclaw/internal/tooling/shell_streaming.go:51.27,53.3 1 0
ironclaw/internal/tooling/shell_streaming.go:56.2,59.84 3 0
ironclaw/internal/tooling/shell_streaming.go:59.84,63.22 2 0
ironclaw/internal/tooling/shell_streaming.go:64.17,65.48 1 0
ironclaw/internal/tooling/shell_streaming.go:66.17,67.48 1 0
ironclaw/internal/tooling/shell_streaming.go:72.2,72.16 1 0
ironclaw/internal/tooling/shell_streaming.go:72.16,74.3 1 0
ironclaw/internal/tooling/shell_streaming.go:77.2,81.18 4 0
ironclaw/internal/tooling/shell_streaming.go:81.18,82.19 1 0
ironclaw/internal/tooling/shell_streaming.go:82.19,84.4 1 0
ironclaw/internal/tooling/shell_streaming.go:84.9,86.4 1 0
ironclaw/internal/tooling/shell_streaming.go:89.2,96.8 1 0
ironclaw/internal/tooling/shell_streaming.go:101.122,103.2 1 0
ironclaw/internal/tooling/shell_streaming.go:111.56,113.2 1 0
ironclaw/internal/tooling/shell_streaming.go:117.48,119.2 1 0
ironclaw/internal/tooling/shell_streaming.go:124.105,128.16 3 0
ironclaw/internal/tooling/shell_streaming.go:128.16,130.3 1 0
ironclaw/internal/tooling/shell_streaming.go:131.2,132.16 2 0
ironclaw/internal/tooling/shell_streaming.go:132.16,134.3 1 0
ironclaw/internal/tooling/shell_streaming.go:136.2,136.36 1 0
ironclaw/internal/tooling/shell_streaming.go:136.36,138.3 1 0
ironclaw/internal/tooling/shell_streaming.go:141.2,146.12 4 0
ironclaw/internal/tooling/shell_streaming.go:146.12,149.22 3 0
ironclaw/internal/tooling/shell_streaming.go:149.22,154.4 4 0
ironclaw/internal/tooling/shell_streaming.go:158.2,158.12 1 0
ironclaw/internal/tooling/shell_streaming.go:158.12,161.22 3 0
ironclaw/internal/tooling/shell_streaming.go:161.22,166.4 4 0
ironclaw/internal/tooling/shell_streaming.go:170.2,174.44 3 0
ironclaw/internal/tooling/shell_streaming.go:174.44,175.47 1 0
ironclaw/internal/tooling/shell_streaming.go:175.47,177.4 1 0
ironclaw/internal/tooling/shell_streaming.go:177.9,179.4 1 0
ironclaw/internal/tooling/shell_streaming.go:182.2,182.22 1 0
ironclaw/internal/tooling/shell_tool.go:42.72,44.2 1 0
ironclaw/internal/tooling/shell_tool.go:47.35,47.53 1 0
ironclaw/internal/tooling/shell_tool.go:50.42,52.2 1 0
ironclaw/internal/tooling/shell_tool.go:55.41,57.2 1 0
ironclaw/internal/tooling/shell_tool.go:60.76,63.60 2 0
ironclaw/internal/tooling/shell_tool.go:63.60,65.3 1 0
ironclaw/internal/tooling/shell_tool.go:68.2,69.57 2 0
ironclaw/internal/tooling/shell_tool.go:69.57,71.3 1 0
ironclaw/internal/tooling/shell_tool.go:74.2,74.69 1 0
ironclaw/internal/tooling/shell_tool.go:74.69,76.3 1 0
ironclaw/internal/tooling/shell_tool.go:79.2,83.16 3 0
ironclaw/internal/tooling/shell_tool.go:83.16,84.41 1 0
ironclaw/internal/tooling/shell_tool.go:84.41,87.4 1 0
ironclaw/internal/tooling/shell_tool.go:87.9,90.4 1 0
ironclaw/internal/tooling/shell_tool.go:94.2,95.18 2 0
ironclaw/internal/tooling/shell_tool.go:95.18,96.19 1 0
ironclaw/internal/tooling/shell_tool.go:96.19,98.4 1 0
ironclaw/internal/tooling/shell_tool.go:98.9,100.4 1 0
ironclaw/internal/tooling/shell_tool.go:103.2,109.8 1 0
ironclaw/internal/tooling/shell_tool.go:116.73,123.2 6 0
ironclaw/internal/tooling/skill.go:41.74,45.63 2 0
ironclaw/internal/tooling/skill.go:45.63,47.3 1 0
ironclaw/internal/tooling/skill.go:50.2,56.22 4 0
ironclaw/internal/tooling/skill.go:56.22,58.3 1 0
ironclaw/internal/tooling/skill.go:60.2,64.65 4 0
ironclaw/internal/tooling/skill.go:64.65,66.3 1 0
ironclaw/internal/tooling/skill.go:68.2,68.19 1 0
ironclaw/internal/tooling/skill.go:68.19,70.3 1 0
ironclaw/internal/tooling/skill.go:71.2,71.26 1 0
ironclaw/internal/tooling/skill.go:71.26,73.3 1 0
ironclaw/internal/tooling/skill.go:75.2,75.23 1 0
ironclaw/internal/tooling/skill.go:84.46,88.27 3 0
ironclaw/internal/tooling/skill.go:88.27,92.28 2 0
ironclaw/internal/tooling/skill.go:92.28,94.4 1 0
ironclaw/internal/tooling/skill.go:95.3,97.19 2 0
ironclaw/internal/tooling/skill.go:97.19,99.4 1 0
ironclaw/internal/tooling/skill.go:102.2,106.23 2 0
ironclaw/internal/tooling/skill.go:106.23,108.3 1 0
ironclaw/internal/tooling/skill.go:110.2,111.18 2 0
ironclaw/internal/tooling/skill.go:129.39,129.56 1 0
ironclaw/internal/tooling/skill.go:132.46,132.70 1 0
ironclaw/internal/tooling/skill.go:135.45,135.64 1 0
ironclaw/internal/tooling/skill.go:138.39,138.56 1 0
ironclaw/internal/tooling/skill.go:143.80,144.62 1 0
ironclaw/internal/tooling/skill.go:144.62,146.3 1 0
ironclaw/internal/tooling/skill.go:147.2,152.8 1 0
ironclaw/internal/tooling/skill.go:161.58,163.16 2 0
ironclaw/internal/tooling/skill.go:163.16,165.3 1 0
ironclaw/internal/tooling/skill.go:167.2,168.16 2 0
ironclaw/internal/tooling/skill.go:168.16,170.3 1 0
ironclaw/internal/tooling/skill.go:172.2,179.8 2 0
ironclaw/internal/tooling/skill.go:190.62,192.16 2 0
ironclaw/internal/tooling/skill.go:192.16,194.3 1 0
ironclaw/internal/tooling/skill.go:196.2,197.32 2 0
ironclaw/internal/tooling/skill.go:197.32,198.20 1 0
ironclaw/internal/tooling/skill.go:198.20,199.12 1 0
ironclaw/internal/tooling/skill.go:201.3,201.42 1 0
ironclaw/internal/tooling/skill.go:201.42,202.12 1 0
ironclaw/internal/tooling/skill.go:205.3,207.17 3 0
ironclaw/internal/tooling/skill.go:207.17,209.4 1 0
ironclaw/internal/tooling/skill.go:210.3,210.33 1 0
ironclaw/internal/tooling/skill.go:213.2,213.20 1 0
ironclaw/internal/tooling/skill_installer.go:33.103,39.2 1 0
ironclaw/internal/tooling/skill_installer.go:51.41,51.67 1 0
ironclaw/internal/tooling/skill_installer.go:54.48,56.2 1 0
ironclaw/internal/tooling/skill_installer.go:59.47,61.2 1 0
ironclaw/internal/tooling/skill_installer.go:64.82,66.53 2 0
ironclaw/internal/tooling/skill_installer.go:66.53,68.3 1 0
ironclaw/internal/tooling/skill_installer.go:69.2,69.24 1 0
ironclaw/internal/tooling/skill_installer.go:69.24,71.3 1 0
ironclaw/internal/tooling/skill_installer.go:73.2,74.16 2 0
ironclaw/internal/tooling/skill_installer.go:74.16,76.3 1 0
ironclaw/internal/tooling/skill_installer.go:78.2,84.8 1 0
ironclaw/internal/tooling/skill_installer.go:92.32,94.2 1 0
ironclaw/internal/tooling/skill_installer.go:99.74,100.18 1 0
ironclaw/internal/tooling/skill_installer.go:100.18,102.3 1 0
ironclaw/internal/tooling/skill_installer.go:104.2,105.16 2 0
ironclaw/internal/tooling/skill_installer.go:105.16,107.3 1 0
ironclaw/internal/tooling/skill_installer.go:110.2,111.16 2 0
ironclaw/internal/tooling/skill_installer.go:111.16,113.3 1 0
ironclaw/internal/tooling/skill_installer.go:116.2,117.62 2 0
ironclaw/internal/tooling/skill_installer.go:117.62,119.3 1 0
ironclaw/internal/tooling/skill_installer.go:122.2,130.52 3 0
ironclaw/internal/tooling/skill_installer.go:130.52,132.3 1 0
ironclaw/internal/tooling/skill_installer.go:134.2,134.19 1 0
ironclaw/internal/tooling/skill_installer.go:139.80,140.19 1 0
ironclaw/internal/tooling/skill_installer.go:140.19,142.17 2 0
ironclaw/internal/tooling/skill_installer.go:142.17,144.4 1 0
ironclaw/internal/tooling/skill_installer.go:145.3,145.44 1 0
ironclaw/internal/tooling/skill_installer.go:148.2,149.16 2 0
ironclaw/internal/tooling/skill_installer.go:149.16,151.3 1 0
ironclaw/internal/tooling/skill_installer.go:152.2,152.41 1 0
ironclaw/internal/tooling/skill_installer.go:162.60,164.16 2 0
ironclaw/internal/tooling/skill_installer.go:164.16,166.3 1 0
ironclaw/internal/tooling/skill_installer.go:168.2,169.31 2 0
ironclaw/internal/tooling/skill_installer.go:169.31,170.53 1 0
ironclaw/internal/tooling/skill_installer.go:170.53,172.12 1 0
ironclaw/internal/tooling/skill_installer.go:174.3,174.48 1 0
ironclaw/internal/tooling/skill_installer.go:176.2,176.24 1 0
ironclaw/internal/tooling/skill_installer.go:185.44,187.16 2 0
ironclaw/internal/tooling/skill_installer.go:187.16,189.3 1 0
ironclaw/internal/tooling/skill_installer.go:190.2,191.16 2 0
ironclaw/internal/tooling/skill_installer.go:191.16,193.3 1 0
ironclaw/internal/tooling/skill_installer.go:194.2,195.47 2 0
ironclaw/internal/tooling/skill_installer.go:195.47,197.3 1 0
ironclaw/internal/tooling/skill_installer.go:198.2,198.29 1 0
ironclaw/internal/tooling/spawn_agent_tool.go:31.70,32.19 1 0
ironclaw/internal/tooling/spawn_agent_tool.go:32.19,33.52 1 0
ironclaw/internal/tooling/spawn_agent_tool.go:35.2,35.40 1 0
ironclaw/internal/tooling/spawn_agent_tool.go:39.40,39.64 1 0
ironclaw/internal/tooling/spawn_agent_tool.go:42.47,44.2 1 0
ironclaw/internal/tooling/spawn_agent_tool.go:47.46,49.2 1 0
ironclaw/internal/tooling/spawn_agent_tool.go:53.81,56.60 2 0
ironclaw/internal/tooling/spawn_agent_tool.go:56.60,58.3 1 0
ironclaw/internal/tooling/spawn_agent_tool.go:60.2,61.57 2 0
ironclaw/internal/tooling/spawn_agent_tool.go:61.57,63.3 1 0
ironclaw/internal/tooling/spawn_agent_tool.go:66.2,67.16 2 0
ironclaw/internal/tooling/spawn_agent_tool.go:67.16,69.3 1 0
ironclaw/internal/tooling/spawn_agent_tool.go:71.2,76.8 1 0
